[2018-08-24 11:40:00,483] - logger.py] - INFO: 测试开始
[2018-08-24 11:40:01,588] - logger.py] - INFO: 保存数据成功,保存后的地址为：<Response [200]>
[2018-08-24 11:40:01,592] - logger.py] - INFO: 需要删除的字段id为:[u'9528887']
[2018-08-24 11:40:02,661] - logger.py] - INFO: 删除后的结果为：{u'isSuccess': True}
[2018-08-24 11:40:43,726] - logger.py] - INFO: 测试开始
[2018-08-24 11:40:51,706] - logger.py] - INFO: 保存数据成功,保存后的地址为：<Response [200]>
[2018-08-24 11:40:52,739] - logger.py] - INFO: 需要删除的字段id为:[u'9528896']
[2018-08-24 11:40:54,690] - logger.py] - INFO: 删除后的结果为：{u'isSuccess': True}
[2018-08-24 11:41:33,844] - logger.py] - INFO: 测试开始
[2018-08-24 11:41:33,845] - logger.py] - INFO: 测试开始
[2018-08-24 11:41:33,846] - logger.py] - INFO: 测试开始
[2018-08-24 11:42:31,153] - logger.py] - INFO: 测试开始
[2018-08-24 11:42:35,632] - logger.py] - INFO: 保存数据成功,保存后的地址为：<Response [200]>
[2018-08-24 11:42:35,640] - logger.py] - INFO: 需要删除的字段id为:[u'9528907']
[2018-08-24 11:42:35,808] - logger.py] - INFO: 删除后的结果为：{u'isSuccess': True}
[2018-08-24 11:44:51,609] - logger.py] - INFO: 测试开始
[2018-08-24 11:44:52,016] - logger.py] - INFO: 保存数据成功,保存后的地址为：<Response [200]>
[2018-08-24 11:44:52,017] - logger.py] - INFO: 需要删除的字段id为:[u'9528918']
[2018-08-24 11:44:52,180] - logger.py] - INFO: 删除后的结果为：{u'isSuccess': True}
[2018-08-24 11:45:12,381] - logger.py] - INFO: 测试开始
[2018-08-24 11:45:21,614] - logger.py] - INFO: 保存数据成功,保存后的地址为：<Response [200]>
[2018-08-24 11:45:22,428] - logger.py] - INFO: 需要删除的字段id为:[u'9528922']
[2018-08-24 11:45:34,655] - logger.py] - INFO: 删除后的结果为：{u'isSuccess': True}
[2018-08-24 11:47:53,634] - logger.py] - INFO: 测试开始
[2018-08-24 11:47:53,802] - logger.py] - INFO: 测试开始
[2018-08-24 11:47:53,805] - logger.py] - INFO: 测试开始
[2018-08-24 11:48:43,168] - logger.py] - INFO: 测试开始
[2018-08-24 11:48:43,572] - logger.py] - INFO: 保存数据成功,保存后的地址为：<Response [200]>
[2018-08-24 11:50:03,303] - logger.py] - INFO: 测试开始
[2018-08-24 11:50:03,668] - logger.py] - INFO: 保存数据成功,保存后的地址为：<Response [200]>
[2018-08-24 11:50:03,671] - logger.py] - INFO: 测试开始
[2018-08-24 11:50:03,673] - logger.py] - INFO: 测试开始
[2018-08-24 11:50:27,990] - logger.py] - INFO: 测试开始
[2018-08-24 11:50:32,568] - logger.py] - INFO: 保存数据成功,保存后的地址为：<Response [200]>
[2018-08-24 11:50:32,572] - logger.py] - INFO: 需要删除的字段id为:[u'9528958']
[2018-08-24 11:50:32,723] - logger.py] - INFO: 删除后的结果为：{u'isSuccess': True}
[2018-08-24 11:50:32,727] - logger.py] - INFO: 测试开始
[2018-08-24 11:50:32,730] - logger.py] - INFO: 测试开始
[2018-08-24 11:55:33,250] - logger.py] - INFO: 测试开始
[2018-08-24 11:55:37,519] - logger.py] - INFO: 保存数据成功,保存后的地址为：<Response [200]>
[2018-08-24 11:55:37,520] - logger.py] - INFO: 需要删除的字段id为:[u'9528988']
[2018-08-24 11:55:37,684] - logger.py] - INFO: 删除后的结果为：{u'isSuccess': True}
[2018-08-24 11:55:37,687] - logger.py] - INFO: 测试开始
[2018-08-24 11:55:37,690] - logger.py] - INFO: 测试开始
[2018-08-24 11:56:24,480] - logger.py] - INFO: 测试开始
[2018-08-24 11:56:33,763] - logger.py] - INFO: 保存数据成功,保存后的地址为：<Response [200]>
[2018-08-24 11:56:35,822] - logger.py] - INFO: 需要删除的字段id为:[u'9528994']
[2018-08-24 11:57:02,645] - logger.py] - INFO: 删除后的结果为：{u'isSuccess': False, u'msg': u'Value cannot be null.\r\nParameter name: CurrentUserBlogSite'}
[2018-08-24 11:57:05,398] - logger.py] - INFO: 测试开始
[2018-08-24 11:57:05,401] - logger.py] - INFO: 测试开始
[2018-08-24 11:58:24,263] - logger.py] - INFO: ---测试开始----
[2018-08-24 11:58:24,266] - logger.py] - INFO: 操作步骤1,2,3
[2018-08-24 11:58:24,266] - logger.py] - WARNING: ----测试结束----
